<?xml version="1.0" encoding="UTF-8"?>
<!-- Generated by org.testng.reporters.JUnitXMLReporter -->
<testsuite ignored="0" hostname="Jagan" failures="0" tests="6" name="Default test" time="18.663" errors="0" timestamp="2025-08-04T23:22:26 IST">
  <testcase classname="com.qa.tests.LoginPageTest" name="loginPageNavigationTest" time="0.7"/>
  <testcase classname="com.qa.tests.LoginPageTest" name="forgotPwdLinkExistTest" time="0.024"/>
  <testcase classname="com.qa.tests.LoginPageTest" name="invalidUserNameTest" time="0.522"/>
  <testcase classname="com.qa.tests.LoginPageTest" name="invalidPasswordTest" time="0.514"/>
  <testcase classname="com.qa.tests.LoginPageTest" name="invalidUserAndPwdTest" time="0.518"/>
  <testcase classname="com.qa.tests.LoginPageTest" name="appLoginTest" time="0.622"/>
</testsuite> <!-- Default test -->
