<?xml version="1.0" encoding="UTF-8"?>
<!-- Generated by org.testng.reporters.JUnitXMLReporter -->
<testsuite ignored="0" hostname="Jagan" failures="0" tests="3" name="Default test" time="15.066" errors="0" timestamp="2025-08-03T12:50:33 IST">
  <testcase classname="com.qa.tests.LoginPageTest" name="loginPageNavigationTest" time="0.705"/>
  <testcase classname="com.qa.tests.LoginPageTest" name="forgotPwdLinkExistTest" time="0.018"/>
  <testcase classname="com.qa.tests.LoginPageTest" name="appLoginTest" time="0.541"/>
</testsuite> <!-- Default test -->
