<?xml version="1.0" encoding="UTF-8"?>
<!-- Generated by org.testng.reporters.JUnitXMLReporter -->
<testsuite ignored="0" hostname="Jagan" failures="0" tests="5" name="Home Page Test" time="17.228" errors="0" timestamp="2025-08-04T23:07:43 IST">
  <testcase classname="com.qa.tests.HomePageTest" name="homePageTitleTest" time="0.036"/>
  <testcase classname="com.qa.tests.HomePageTest" name="homePageURLTest" time="0.004"/>
  <testcase classname="com.qa.tests.HomePageTest" name="searchTest" time="0.698"/>
  <testcase classname="com.qa.tests.HomePageTest" name="searchTest" time="0.701"/>
  <testcase classname="com.qa.tests.HomePageTest" name="searchTest" time="0.512"/>
</testsuite> <!-- Home Page Test -->
