<?xml version="1.0" encoding="UTF-8"?>
<!-- Generated by org.testng.reporters.JUnitXMLReporter -->
<testsuite ignored="0" hostname="Jagan" failures="0" tests="3" name="Login Page Test" time="15.108" errors="0" timestamp="2025-08-03T13:02:32 IST">
  <testcase classname="com.qa.tests.LoginPageTest" name="loginPageNavigationTest" time="0.384"/>
  <testcase classname="com.qa.tests.LoginPageTest" name="forgotPwdLinkExistTest" time="0.029"/>
  <testcase classname="com.qa.tests.LoginPageTest" name="appLoginTest" time="0.485"/>
</testsuite> <!-- Login Page Test -->
