<?xml version="1.0" encoding="UTF-8"?>
<!-- Generated by org.testng.reporters.JUnitXMLReporter -->
<testsuite ignored="0" hostname="Jagan" failures="2" tests="6" name="Login Page Test" time="7.484" errors="0" timestamp="2025-08-04T23:07:51 IST">
  <testcase classname="com.qa.tests.LoginPageTest" name="loginPageNavigationTest" time="0.676"/>
  <testcase classname="com.qa.tests.LoginPageTest" name="forgotPwdLinkExistTest" time="0.023"/>
  <testcase classname="com.qa.tests.LoginPageTest" name="invalidUserNameTest" time="0.582">
    <failure type="java.lang.AssertionError" message="expected [ Warning: No match for E-Mail Address and/or Password.] but found [ Warning: Your account has exceeded allowed number of login attempts. Please try again in 1 hour.]">
      <![CDATA[java.lang.AssertionError: expected [ Warning: No match for E-Mail Address and/or Password.] but found [ Warning: Your account has exceeded allowed number of login attempts. Please try again in 1 hour.]
at com.qa.tests.LoginPageTest.invalidUserNameTest(LoginPageTest.java:28)
at java.base/java.util.ArrayList.forEach(ArrayList.java:1596)
... Removed 31 stack frames]]>
    </failure>
  </testcase> <!-- invalidUserNameTest -->
  <testcase classname="com.qa.tests.LoginPageTest" name="invalidPasswordTest" time="0.608"/>
  <testcase classname="com.qa.tests.LoginPageTest" name="invalidUserAndPwdTest" time="0.766">
    <failure type="java.lang.AssertionError" message="expected [ Warning: No match for E-Mail Address and/or Password.] but found [ Warning: Your account has exceeded allowed number of login attempts. Please try again in 1 hour.]">
      <![CDATA[java.lang.AssertionError: expected [ Warning: No match for E-Mail Address and/or Password.] but found [ Warning: Your account has exceeded allowed number of login attempts. Please try again in 1 hour.]
at com.qa.tests.LoginPageTest.invalidUserAndPwdTest(LoginPageTest.java:42)
at java.base/java.util.ArrayList.forEach(ArrayList.java:1596)
... Removed 31 stack frames]]>
    </failure>
  </testcase> <!-- invalidUserAndPwdTest -->
  <testcase classname="com.qa.tests.LoginPageTest" name="appLoginTest" time="0.781"/>
</testsuite> <!-- Login Page Test -->
