<?xml version="1.0" encoding="UTF-8"?>
<!-- Generated by org.testng.reporters.JUnitXMLReporter -->
<testsuite ignored="0" hostname="Jagan" failures="0" tests="14" name="MyAccount Page Test" time="7.365" errors="0" timestamp="2025-08-04T23:07:58 IST">
  <testcase classname="com.qa.tests.MyAccountPageTest" name="loginTest" time="1.163"/>
  <testcase classname="com.qa.tests.MyAccountPageTest" name="isMyAccountOptionAvailable" time="0.039"/>
  <testcase classname="com.qa.tests.MyAccountPageTest" name="isEditAccountOptionAvailable" time="0.01"/>
  <testcase classname="com.qa.tests.MyAccountPageTest" name="isPasswordOptionAvailable" time="0.008"/>
  <testcase classname="com.qa.tests.MyAccountPageTest" name="isAddressBookOptionAvailable" time="0.009"/>
  <testcase classname="com.qa.tests.MyAccountPageTest" name="isWishListOptionAvailable" time="0.009"/>
  <testcase classname="com.qa.tests.MyAccountPageTest" name="isOrderHistoryOptionAvailable" time="0.01"/>
  <testcase classname="com.qa.tests.MyAccountPageTest" name="isDownloadsOptionAvailable" time="0.01"/>
  <testcase classname="com.qa.tests.MyAccountPageTest" name="isRecurringPaymentsOptionAvailable" time="0.006"/>
  <testcase classname="com.qa.tests.MyAccountPageTest" name="isRewardPointsOptionAvailable" time="0.01"/>
  <testcase classname="com.qa.tests.MyAccountPageTest" name="isReturnsOptionAvailable" time="0.006"/>
  <testcase classname="com.qa.tests.MyAccountPageTest" name="isTransactionsOptionAvailable" time="0.008"/>
  <testcase classname="com.qa.tests.MyAccountPageTest" name="isNewsletterAvailable" time="0.007"/>
  <testcase classname="com.qa.tests.MyAccountPageTest" name="isLogoutOptionAvailable" time="0.006"/>
</testsuite> <!-- MyAccount Page Test -->
