<?xml version="1.0" encoding="UTF-8"?>
<!-- Generated by org.testng.reporters.JUnitXMLReporter -->
<testsuite ignored="0" hostname="Jagan" failures="0" tests="6" name="Login Page Test" time="6.136" errors="0" timestamp="2025-08-04T23:23:20 IST">
  <testcase classname="com.qa.tests.LoginPageTest" name="loginPageNavigationTest" time="0.995"/>
  <testcase classname="com.qa.tests.LoginPageTest" name="forgotPwdLinkExistTest" time="0.023"/>
  <testcase classname="com.qa.tests.LoginPageTest" name="invalidUserNameTest" time="0.483"/>
  <testcase classname="com.qa.tests.LoginPageTest" name="invalidPasswordTest" time="0.508"/>
  <testcase classname="com.qa.tests.LoginPageTest" name="invalidUserAndPwdTest" time="0.504"/>
  <testcase classname="com.qa.tests.LoginPageTest" name="appLoginTest" time="0.828"/>
</testsuite> <!-- Login Page Test -->
