<?xml version="1.0" encoding="UTF-8"?>
<!-- Generated by org.testng.reporters.JUnitXMLReporter -->
<testsuite ignored="0" hostname="Jagan" failures="0" tests="3" name="Login Page Test" time="15.945" errors="0" timestamp="2025-08-03T13:03:08 IST">
  <testcase classname="com.qa.tests.LoginPageTest" name="loginPageNavigationTest" time="0.342"/>
  <testcase classname="com.qa.tests.LoginPageTest" name="forgotPwdLinkExistTest" time="0.015"/>
  <testcase classname="com.qa.tests.LoginPageTest" name="appLoginTest" time="0.569"/>
</testsuite> <!-- Login Page Test -->
