<?xml version="1.0" encoding="UTF-8"?>
<testsuite xmlns:xsi="http://www.w3.org/2001/XMLSchema-instance" xsi:noNamespaceSchemaLocation="https://maven.apache.org/surefire/maven-surefire-plugin/xsd/surefire-test-report.xsd" version="3.0.2" name="TestSuite" time="29.889" tests="25" errors="0" skipped="0" failures="0">
  <properties>
[...]
</properties>
  <testcase name="homePageTitleTest" classname="com.qa.tests.HomePageTest" time="0.042">
    <system-out><![CDATA[Test Suite Started
homePageTitleTest Started!
Page title is: Your Store
homePageTitleTest passed!
]]></system-out>
    <system-err><![CDATA[SLF4J(W): No SLF4J providers were found.
SLF4J(W): Defaulting to no-operation (NOP) logger implementation
SLF4J(W): See https://www.slf4j.org/codes.html#noProviders for further details.
]]></system-err>
  </testcase>
  <testcase name="homePageURLTest" classname="com.qa.tests.HomePageTest" time="0.003">
    <system-out><![CDATA[homePageURLTest Started!
Page title is: https://naveenautomationlabs.com/opencart/
homePageURLTest passed!
]]></system-out>
  </testcase>
  <testcase name="searchTest[Macbook](1)" classname="com.qa.tests.HomePageTest" time="0.599">
    <system-out><![CDATA[searchTest Started!
Search - Macbook
searchTest passed!
]]></system-out>
  </testcase>
  <testcase name="searchTest[iMac](2)" classname="com.qa.tests.HomePageTest" time="0.58">
    <system-out><![CDATA[searchTest Started!
Search - iMac
searchTest passed!
]]></system-out>
  </testcase>
  <testcase name="searchTest[samsung](3)" classname="com.qa.tests.HomePageTest" time="0.516">
    <system-out><![CDATA[searchTest Started!
Search - samsung
searchTest passed!
]]></system-out>
  </testcase>
  <testcase name="loginPageNavigationTest" classname="com.qa.tests.LoginPageTest" time="0.996">
    <system-out><![CDATA[Test Suite is ending!
Test Suite Started
loginPageNavigationTest Started!
loginPageNavigationTest passed!
]]></system-out>
  </testcase>
  <testcase name="forgotPwdLinkExistTest" classname="com.qa.tests.LoginPageTest" time="0.025">
    <system-out><![CDATA[forgotPwdLinkExistTest Started!
forgotPwdLinkExistTest passed!
]]></system-out>
  </testcase>
  <testcase name="invalidUserNameTest" classname="com.qa.tests.LoginPageTest" time="0.484">
    <system-out><![CDATA[invalidUserNameTest Started!
invalidUserNameTest passed!
]]></system-out>
  </testcase>
  <testcase name="invalidPasswordTest" classname="com.qa.tests.LoginPageTest" time="0.509">
    <system-out><![CDATA[invalidPasswordTest Started!
invalidPasswordTest passed!
]]></system-out>
  </testcase>
  <testcase name="invalidUserAndPwdTest" classname="com.qa.tests.LoginPageTest" time="0.506">
    <system-out><![CDATA[invalidUserAndPwdTest Started!
invalidUserAndPwdTest passed!
]]></system-out>
  </testcase>
  <testcase name="appLoginTest" classname="com.qa.tests.LoginPageTest" time="0.831">
    <system-out><![CDATA[appLoginTest Started!
appLoginTest passed!
]]></system-out>
  </testcase>
  <testcase name="loginTest" classname="com.qa.tests.MyAccountPageTest" time="1.458">
    <system-out><![CDATA[Test Suite is ending!
Test Suite Started
loginTest Started!
loginTest passed!
]]></system-out>
  </testcase>
  <testcase name="isMyAccountOptionAvailable" classname="com.qa.tests.MyAccountPageTest" time="0.045">
    <system-out><![CDATA[isMyAccountOptionAvailable Started!
isMyAccountOptionAvailable passed!
]]></system-out>
  </testcase>
  <testcase name="isEditAccountOptionAvailable" classname="com.qa.tests.MyAccountPageTest" time="0.011">
    <system-out><![CDATA[isEditAccountOptionAvailable Started!
isEditAccountOptionAvailable passed!
]]></system-out>
  </testcase>
  <testcase name="isPasswordOptionAvailable" classname="com.qa.tests.MyAccountPageTest" time="0.011">
    <system-out><![CDATA[isPasswordOptionAvailable Started!
isPasswordOptionAvailable passed!
]]></system-out>
  </testcase>
  <testcase name="isAddressBookOptionAvailable" classname="com.qa.tests.MyAccountPageTest" time="0.012">
    <system-out><![CDATA[isAddressBookOptionAvailable Started!
isAddressBookOptionAvailable passed!
]]></system-out>
  </testcase>
  <testcase name="isWishListOptionAvailable" classname="com.qa.tests.MyAccountPageTest" time="0.013">
    <system-out><![CDATA[isWishListOptionAvailable Started!
isWishListOptionAvailable passed!
]]></system-out>
  </testcase>
  <testcase name="isOrderHistoryOptionAvailable" classname="com.qa.tests.MyAccountPageTest" time="0.01">
    <system-out><![CDATA[isOrderHistoryOptionAvailable Started!
isOrderHistoryOptionAvailable passed!
]]></system-out>
  </testcase>
  <testcase name="isDownloadsOptionAvailable" classname="com.qa.tests.MyAccountPageTest" time="0.011">
    <system-out><![CDATA[isDownloadsOptionAvailable Started!
isDownloadsOptionAvailable passed!
]]></system-out>
  </testcase>
  <testcase name="isRecurringPaymentsOptionAvailable" classname="com.qa.tests.MyAccountPageTest" time="0.013">
    <system-out><![CDATA[isRecurringPaymentsOptionAvailable Started!
isRecurringPaymentsOptionAvailable passed!
]]></system-out>
  </testcase>
  <testcase name="isRewardPointsOptionAvailable" classname="com.qa.tests.MyAccountPageTest" time="0.011">
    <system-out><![CDATA[isRewardPointsOptionAvailable Started!
isRewardPointsOptionAvailable passed!
]]></system-out>
  </testcase>
  <testcase name="isReturnsOptionAvailable" classname="com.qa.tests.MyAccountPageTest" time="0.015">
    <system-out><![CDATA[isReturnsOptionAvailable Started!
isReturnsOptionAvailable passed!
]]></system-out>
  </testcase>
  <testcase name="isTransactionsOptionAvailable" classname="com.qa.tests.MyAccountPageTest" time="0.014">
    <system-out><![CDATA[isTransactionsOptionAvailable Started!
isTransactionsOptionAvailable passed!
]]></system-out>
  </testcase>
  <testcase name="isNewsletterAvailable" classname="com.qa.tests.MyAccountPageTest" time="0.01">
    <system-out><![CDATA[isNewsletterAvailable Started!
isNewsletterAvailable passed!
]]></system-out>
  </testcase>
  <testcase name="isLogoutOptionAvailable" classname="com.qa.tests.MyAccountPageTest" time="0.013">
    <system-out><![CDATA[isLogoutOptionAvailable Started!
isLogoutOptionAvailable passed!
]]></system-out>
  </testcase>
</testsuite>