<?xml version="1.0" encoding="UTF-8"?>
<testng-results ignored="0" total="6" passed="6" failed="0" skipped="0">
  <reporter-output>
  </reporter-output>
  <suite started-at="2025-08-04T23:22:07 IST" name="Default suite" finished-at="2025-08-04T23:22:26 IST" duration-ms="18663">
    <groups>
    </groups>
    <test started-at="2025-08-04T23:22:07 IST" name="Default test" finished-at="2025-08-04T23:22:26 IST" duration-ms="18663">
      <class name="com.qa.tests.LoginPageTest">
        <test-method is-config="true" signature="setUp()[pri:0, instance:com.qa.tests.LoginPageTest@65fb9ffc]" started-at="2025-08-04T23:22:07 IST" name="setUp" finished-at="2025-08-04T23:22:23 IST" duration-ms="15250" status="PASS">
          <reporter-output>
          </reporter-output>
        </test-method> <!-- setUp -->
        <test-method signature="loginPageNavigationTest()[pri:1, instance:com.qa.tests.LoginPageTest@65fb9ffc]" started-at="2025-08-04T23:22:23 IST" name="loginPageNavigationTest" finished-at="2025-08-04T23:22:23 IST" duration-ms="700" status="PASS">
          <reporter-output>
          </reporter-output>
        </test-method> <!-- loginPageNavigationTest -->
        <test-method signature="forgotPwdLinkExistTest()[pri:2, instance:com.qa.tests.LoginPageTest@65fb9ffc]" started-at="2025-08-04T23:22:23 IST" name="forgotPwdLinkExistTest" finished-at="2025-08-04T23:22:23 IST" duration-ms="24" status="PASS">
          <reporter-output>
          </reporter-output>
        </test-method> <!-- forgotPwdLinkExistTest -->
        <test-method signature="invalidUserNameTest()[pri:3, instance:com.qa.tests.LoginPageTest@65fb9ffc]" started-at="2025-08-04T23:22:23 IST" name="invalidUserNameTest" finished-at="2025-08-04T23:22:24 IST" duration-ms="522" status="PASS">
          <reporter-output>
          </reporter-output>
        </test-method> <!-- invalidUserNameTest -->
        <test-method signature="invalidPasswordTest()[pri:4, instance:com.qa.tests.LoginPageTest@65fb9ffc]" started-at="2025-08-04T23:22:24 IST" name="invalidPasswordTest" finished-at="2025-08-04T23:22:24 IST" duration-ms="514" status="PASS">
          <reporter-output>
          </reporter-output>
        </test-method> <!-- invalidPasswordTest -->
        <test-method signature="invalidUserAndPwdTest()[pri:5, instance:com.qa.tests.LoginPageTest@65fb9ffc]" started-at="2025-08-04T23:22:24 IST" name="invalidUserAndPwdTest" finished-at="2025-08-04T23:22:25 IST" duration-ms="518" status="PASS">
          <reporter-output>
          </reporter-output>
        </test-method> <!-- invalidUserAndPwdTest -->
        <test-method signature="appLoginTest()[pri:6, instance:com.qa.tests.LoginPageTest@65fb9ffc]" started-at="2025-08-04T23:22:25 IST" name="appLoginTest" finished-at="2025-08-04T23:22:26 IST" duration-ms="622" status="PASS">
          <reporter-output>
          </reporter-output>
        </test-method> <!-- appLoginTest -->
        <test-method is-config="true" signature="tearDown()[pri:0, instance:com.qa.tests.LoginPageTest@65fb9ffc]" started-at="2025-08-04T23:22:26 IST" name="tearDown" finished-at="2025-08-04T23:22:26 IST" duration-ms="434" status="PASS">
          <reporter-output>
          </reporter-output>
        </test-method> <!-- tearDown -->
      </class> <!-- com.qa.tests.LoginPageTest -->
    </test> <!-- Default test -->
  </suite> <!-- Default suite -->
</testng-results>
